<?xml version="1.0" encoding="UTF-8"?>
<timeSeriesResponse xmlns="http://www.cuahsi.org/waterML/1.1/"
                    xmlns:soap="http://schemas.xmlsoap.org/soap/envelope/"
                    xmlns:xsd="http://www.w3.org/2001/XMLSchema"
                    xmlns:xsi="http://www.w3.org/2001/XMLSchema-instance">
   <queryInfo>
      <creationTime>2019-09-03T01:42:15.8603259-06:00</creationTime>
      <criteria MethodCalled="GetValues">
         <parameter name="site" value="LBR:USU-LBR-Mendon"/>
         <parameter name="variable" value="LBR:USU13"/>
         <parameter name="startDate" value="2011-10-11T14:53:20"/>
         <parameter name="endDate" value="2011-10-11T23:13:20"/>
      </criteria>
   </queryInfo>
   <timeSeries>
      <sourceInfo xsi:type="SiteInfoType">
         <siteName>Little Bear River at Mendon Road near Mendon, Utah</siteName>
         <siteCode network="LBR" siteID="1">USU-LBR-Mendon</siteCode>
         <geoLocation>
            <geogLocation srs="EPSG:4269" xsi:type="LatLonPointType">
               <latitude>41.718473</latitude>
               <longitude>-111.946402</longitude>
            </geogLocation>
            <localSiteXY projectionInformation="NAD83 / UTM zone 12N">
               <X>421276.323</X>
               <Y>4618952.04</Y>
            </localSiteXY>
         </geoLocation>
         <elevation_m>1345</elevation_m>
         <verticalDatum>NGVD29</verticalDatum>
         <siteProperty name="County">Cache</siteProperty>
         <siteProperty name="State">Utah</siteProperty>
         <siteProperty name="Site Comments">Located below county road bridge at Mendon Road crossing</siteProperty>
         <siteProperty name="PosAccuracy_m">10</siteProperty>
         <siteProperty name="Site Type">Stream</siteProperty>
      </sourceInfo>
      <variable>
         <variableCode default="true" variableID="13" vocabulary="LBR">USU13</variableCode>
         <variableName>Gage height</variableName>
         <valueType>Field Observation</valueType>
         <dataType>Average</dataType>
         <generalCategory>Hydrology</generalCategory>
         <sampleMedium>Surface Water</sampleMedium>
         <unit>
            <unitName>international foot</unitName>
            <unitType>Length</unitType>
            <unitAbbreviation>ft</unitAbbreviation>
            <unitCode>48</unitCode>
         </unit>
         <noDataValue>-9999</noDataValue>
         <timeScale isRegular="true">
            <unit>
               <unitName>minute</unitName>
               <unitType>Time</unitType>
               <unitAbbreviation>min</unitAbbreviation>
               <unitCode>102</unitCode>
            </unit>
            <timeSupport>30</timeSupport>
         </timeScale>
         <speciation>Not Applicable</speciation>
      </variable>
      <values>
         <value censorCode="nc"
                dateTime="2011-10-11T15:30:00"
                dateTimeUTC="2011-10-11T22:30:00"
                methodCode="34"
                qualityControlLevelCode="0"
                sourceCode="1"
                timeOffset="-07:00">-9999</value>
         <value censorCode="nc"
                dateTime="2011-10-11T16:00:00"
                dateTimeUTC="2011-10-11T23:00:00"
                methodCode="34"
                qualityControlLevelCode="0"
                sourceCode="1"
                timeOffset="-07:00">2.815959</value>
         <value censorCode="nc"
                dateTime="2011-10-11T16:00:00"
                dateTimeUTC="2011-10-11T23:00:00"
                methodCode="28"
                qualityControlLevelCode="1"
                sourceCode="1"
                timeOffset="-07:00">3.4846</value>
         <value censorCode="nc"
                dateTime="2011-10-11T16:30:00"
                dateTimeUTC="2011-10-11T23:30:00"
                methodCode="28"
                qualityControlLevelCode="1"
                sourceCode="1"
                timeOffset="-07:00">3.4859</value>
         <value censorCode="nc"
                dateTime="2011-10-11T16:30:00"
                dateTimeUTC="2011-10-11T23:30:00"
                methodCode="34"
                qualityControlLevelCode="0"
                sourceCode="1"
                timeOffset="-07:00">2.817253</value>
         <value censorCode="nc"
                dateTime="2011-10-11T17:00:00"
                dateTimeUTC="2011-10-12T00:00:00"
                methodCode="34"
                qualityControlLevelCode="0"
                sourceCode="1"
                timeOffset="-07:00">2.817182</value>
         <value censorCode="nc"
                dateTime="2011-10-11T17:00:00"
                dateTimeUTC="2011-10-12T00:00:00"
                methodCode="28"
                qualityControlLevelCode="1"
                sourceCode="1"
                timeOffset="-07:00">3.4858</value>
         <value censorCode="nc"
                dateTime="2011-10-11T17:30:00"
                dateTimeUTC="2011-10-12T00:30:00"
                methodCode="28"
                qualityControlLevelCode="1"
                sourceCode="1"
                timeOffset="-07:00">3.4878</value>
         <value censorCode="nc"
                dateTime="2011-10-11T17:30:00"
                dateTimeUTC="2011-10-12T00:30:00"
                methodCode="34"
                qualityControlLevelCode="0"
                sourceCode="1"
                timeOffset="-07:00">2.819171</value>
         <value censorCode="nc"
                dateTime="2011-10-11T18:00:00"
                dateTimeUTC="2011-10-12T01:00:00"
                methodCode="34"
                qualityControlLevelCode="0"
                sourceCode="1"
                timeOffset="-07:00">2.821818</value>
         <value censorCode="nc"
                dateTime="2011-10-11T18:00:00"
                dateTimeUTC="2011-10-12T01:00:00"
                methodCode="28"
                qualityControlLevelCode="1"
                sourceCode="1"
                timeOffset="-07:00">3.4904</value>
         <value censorCode="nc"
                dateTime="2011-10-11T18:30:00"
                dateTimeUTC="2011-10-12T01:30:00"
                methodCode="28"
                qualityControlLevelCode="1"
                sourceCode="1"
                timeOffset="-07:00">3.4934</value>
         <value censorCode="nc"
                dateTime="2011-10-11T18:30:00"
                dateTimeUTC="2011-10-12T01:30:00"
                methodCode="34"
                qualityControlLevelCode="0"
                sourceCode="1"
                timeOffset="-07:00">2.824797</value>
         <value censorCode="nc"
                dateTime="2011-10-11T19:00:00"
                dateTimeUTC="2011-10-12T02:00:00"
                methodCode="34"
                qualityControlLevelCode="0"
                sourceCode="1"
                timeOffset="-07:00">2.823783</value>
         <value censorCode="nc"
                dateTime="2011-10-11T19:00:00"
                dateTimeUTC="2011-10-12T02:00:00"
                methodCode="28"
                qualityControlLevelCode="1"
                sourceCode="1"
                timeOffset="-07:00">3.4924</value>
         <value censorCode="nc"
                dateTime="2011-10-11T19:30:00"
                dateTimeUTC="2011-10-12T02:30:00"
                methodCode="28"
                qualityControlLevelCode="1"
                sourceCode="1"
                timeOffset="-07:00">3.4929</value>
         <value censorCode="nc"
                dateTime="2011-10-11T19:30:00"
                dateTimeUTC="2011-10-12T02:30:00"
                methodCode="34"
                qualityControlLevelCode="0"
                sourceCode="1"
                timeOffset="-07:00">2.824359</value>
         <value censorCode="nc"
                dateTime="2011-10-11T20:00:00"
                dateTimeUTC="2011-10-12T03:00:00"
                methodCode="34"
                qualityControlLevelCode="0"
                sourceCode="1"
                timeOffset="-07:00">2.829075</value>
         <value censorCode="nc"
                dateTime="2011-10-11T20:00:00"
                dateTimeUTC="2011-10-12T03:00:00"
                methodCode="28"
                qualityControlLevelCode="1"
                sourceCode="1"
                timeOffset="-07:00">3.4977</value>
         <value censorCode="nc"
                dateTime="2011-10-11T20:30:00"
                dateTimeUTC="2011-10-12T03:30:00"
                methodCode="28"
                qualityControlLevelCode="1"
                sourceCode="1"
                timeOffset="-07:00">3.4999</value>
         <value censorCode="nc"
                dateTime="2011-10-11T20:30:00"
                dateTimeUTC="2011-10-12T03:30:00"
                methodCode="34"
                qualityControlLevelCode="0"
                sourceCode="1"
                timeOffset="-07:00">2.831302</value>
         <value censorCode="nc"
                dateTime="2011-10-11T21:00:00"
                dateTimeUTC="2011-10-12T04:00:00"
                methodCode="34"
                qualityControlLevelCode="0"
                sourceCode="1"
                timeOffset="-07:00">2.824815</value>
         <value censorCode="nc"
                dateTime="2011-10-11T21:00:00"
                dateTimeUTC="2011-10-12T04:00:00"
                methodCode="28"
                qualityControlLevelCode="1"
                sourceCode="1"
                timeOffset="-07:00">3.4934</value>
         <value censorCode="nc"
                dateTime="2011-10-11T21:30:00"
                dateTimeUTC="2011-10-12T04:30:00"
                methodCode="28"
                qualityControlLevelCode="1"
                sourceCode="1"
                timeOffset="-07:00">3.4988</value>
         <value censorCode="nc"
                dateTime="2011-10-11T21:30:00"
                dateTimeUTC="2011-10-12T04:30:00"
                methodCode="34"
                qualityControlLevelCode="0"
                sourceCode="1"
                timeOffset="-07:00">2.830255</value>
         <value censorCode="nc"
                dateTime="2011-10-11T22:00:00"
                dateTimeUTC="2011-10-12T05:00:00"
                methodCode="34"
                qualityControlLevelCode="0"
                sourceCode="1"
                timeOffset="-07:00">2.824757</value>
         <value censorCode="nc"
                dateTime="2011-10-11T22:00:00"
                dateTimeUTC="2011-10-12T05:00:00"
                methodCode="28"
                qualityControlLevelCode="1"
                sourceCode="1"
                timeOffset="-07:00">3.4933</value>
         <value censorCode="nc"
                dateTime="2011-10-11T22:30:00"
                dateTimeUTC="2011-10-12T05:30:00"
                methodCode="28"
                qualityControlLevelCode="1"
                sourceCode="1"
                timeOffset="-07:00">3.4903</value>
         <value censorCode="nc"
                dateTime="2011-10-11T22:30:00"
                dateTimeUTC="2011-10-12T05:30:00"
                methodCode="34"
                qualityControlLevelCode="0"
                sourceCode="1"
                timeOffset="-07:00">2.821817</value>
         <value censorCode="nc"
                dateTime="2011-10-11T23:00:00"
                dateTimeUTC="2011-10-12T06:00:00"
                methodCode="34"
                qualityControlLevelCode="0"
                sourceCode="1"
                timeOffset="-07:00">2.824772</value>
         <value censorCode="nc"
                dateTime="2011-10-11T23:00:00"
                dateTimeUTC="2011-10-12T06:00:00"
                methodCode="28"
                qualityControlLevelCode="1"
                sourceCode="1"
                timeOffset="-07:00">3.4933</value>
         <qualityControlLevel qualityControlLevelID="0">
            <qualityControlLevelCode>0</qualityControlLevelCode>
            <definition>Raw data</definition>
            <explanation>Raw and unprocessed data and data products that have not undergone quality control.  Depending on the variable, data type, and data transmission system, raw data may be available within seconds or minutes after the measurements have been made. Examples include real time precipitation, streamflow and water quality measurements.</explanation>
         </qualityControlLevel>
         <qualityControlLevel qualityControlLevelID="1">
            <qualityControlLevelCode>1</qualityControlLevelCode>
            <definition>Quality controlled data</definition>
            <explanation>Quality controlled data that have passed quality assurance procedures such as routine estimation of timing and sensor calibration or visual inspection and removal of obvious errors. An example is USGS published streamflow records following parsing through USGS quality control procedures.</explanation>
         </qualityControlLevel>
         <method methodID="34">
            <methodCode>34</methodCode>
            <methodDescription>Water level measured using a Campbell Scientific CS450 Pressure Transducer.</methodDescription>
            <methodLink>http://www.campbellsci.com</methodLink>
         </method>
         <method methodID="28">
            <methodCode>28</methodCode>
            <methodDescription>Quality Control Level 1 Data Series created from raw QC Level 0 data using ODM Tools.</methodDescription>
         </method>
         <source sourceID="1">
            <sourceCode>1</sourceCode>
            <organization>Utah State University Utah Water Research Laboratory</organization>
            <sourceDescription>Continuous water quality monitoring by Utah State University as part of the USDA CEAP Grant</sourceDescription>
            <metadata>
               <topicCategory>inlandWaters</topicCategory>
               <title>Little Bear River Conservation Effects Assessment Project Water Quality Data</title>
               <abstract>Under funding from the United States Department of Agricultures Conservations Effects Assessment program, USU is conducting continuous water quality monitoring of the Little Bear River to demonstrate and compare the use of alternative monitoring approaches in estimating pollutant concentrations and loads.</abstract>
               <profileVersion>Unknown</profileVersion>
            </metadata>
            <contactInformation>
               <contactName>Jeff Horsburgh</contactName>
               <typeOfContact>main</typeOfContact>
               <email>jeff.horsburgh@usu.edu</email>
               <phone>1-435-797-2946</phone>
               <address xsi:type="xsd:string">8200 Old Main Hill
,Logan, UT 84322-8200</address>
            </contactInformation>
            <sourceLink>http://littlebearriver.usu.edu</sourceLink>
            <citation>Continuous water quality monitoring by Jeff Horsburgh, David Stevens, Nancy Mesner and others from Utah State University as part of the USDA Conservation Effects Assessment Grant</citation>
         </source>
         <censorCode>
            <censorCode>nc</censorCode>
            <censorCodeDescription>not censored</censorCodeDescription>
         </censorCode>
      </values>
   </timeSeries>
</timeSeriesResponse>